<?xml version="1.0" encoding="UTF-8"?>
<!-- Generated by org.testng.reporters.JUnitReportReporter -->
<testsuite skipped="0" hostname="DESKTOP-TFKS6P7" name="com.mercury.testcases.TC1" tests="1" failures="0" timestamp="2020-06-22T06:48:27 BST" time="6.313" errors="0">
  <testcase name="test_login" time="6.313" classname="com.mercury.testcases.TC1"/>
  <system-out>
User logged in successfully. Login screesnshot obtained and saved. Login 'title' validation passed.  </system-out>
</testsuite> <!-- com.mercury.testcases.TC1 -->
