<?xml version="1.0" encoding="UTF-8"?>
<!-- Generated by org.testng.reporters.JUnitReportReporter -->
<testsuite skipped="0" hostname="DESKTOP-TFKS6P7" name="com.mercury.testcases.TC4" tests="1" failures="0" timestamp="2020-06-22T06:48:27 BST" time="1.425" errors="0">
  <testcase name="test_passengers" time="1.425" classname="com.mercury.testcases.TC4"/>
  <system-out>
Passengers(2) details provided.  </system-out>
</testsuite> <!-- com.mercury.testcases.TC4 -->
