<?xml version="1.0" encoding="UTF-8"?>
<!-- Generated by org.testng.reporters.JUnitReportReporter -->
<testsuite skipped="0" hostname="DESKTOP-TFKS6P7" name="com.mercury.testcases.TC5" tests="1" failures="0" timestamp="2020-06-22T06:48:27 BST" time="2.449" errors="0">
  <testcase name="test_creditcard" time="2.449" classname="com.mercury.testcases.TC5"/>
  <system-out>
Credit card details furnised.  </system-out>
</testsuite> <!-- com.mercury.testcases.TC5 -->
