<?xml version="1.0" encoding="UTF-8"?>
<!-- Generated by org.testng.reporters.JUnitReportReporter -->
<testsuite skipped="0" hostname="DESKTOP-TFKS6P7" name="com.mercury.testcases.TC3" tests="1" failures="0" timestamp="2020-06-22T06:48:27 BST" time="5.244" errors="0">
  <testcase name="test_continueandreserveflights" time="5.244" classname="com.mercury.testcases.TC3"/>
  <system-out>
Reseved flights and navigated to passenger details page.  </system-out>
</testsuite> <!-- com.mercury.testcases.TC3 -->
