<?xml version="1.0" encoding="UTF-8"?>
<!-- Generated by org.testng.reporters.JUnitReportReporter -->
<testsuite skipped="0" hostname="DESKTOP-TFKS6P7" name="com.mercury.testcases.TC6" tests="1" failures="0" timestamp="2020-06-22T06:48:27 BST" time="1.572" errors="0">
  <testcase name="test_billingaddress" time="1.572" classname="com.mercury.testcases.TC6"/>
  <system-out>
Billing address furnised and ticketless travel clicked.  </system-out>
</testsuite> <!-- com.mercury.testcases.TC6 -->
