<?xml version="1.0" encoding="UTF-8"?>
<!-- Generated by org.testng.reporters.JUnitReportReporter -->
<testsuite skipped="0" hostname="DESKTOP-TFKS6P7" name="com.mercury.testcases.TC8" tests="1" failures="0" timestamp="2020-06-22T06:48:27 BST" time="5.149" errors="0">
  <testcase name="test_purchaseandvalidate" time="5.149" classname="com.mercury.testcases.TC8"/>
  <system-out>
Purchase validation is successfully done. Purchase confirmation image obtained and saved. Navigated back to home screen.  </system-out>
</testsuite> <!-- com.mercury.testcases.TC8 -->
